2021-06-08 23:25:45,456 - model - INFO - optimizer 
2021-06-08 23:25:45,456 - model - INFO - optimizer lr = 5e-05, params len 10
2021-06-08 23:25:45,456 - model - INFO - optimizer lr = 5e-05, params len 13
2021-06-08 23:26:02,748 - model - INFO - All batch num: 3393
Train folds batches: 425
Sample folds batches: 425
All train folds: 200
Sample Epoch begin from: 0
Load Epoch from fold: 0

2021-06-08 23:26:02,748 - model - DEBUG - new dataset loader in train_step, with dataset length 3400
2021-06-08 23:28:38,930 - model - INFO - optimizer 
2021-06-08 23:28:38,930 - model - INFO - optimizer lr = 5e-05, params len 10
2021-06-08 23:28:38,930 - model - INFO - optimizer lr = 5e-05, params len 13
2021-06-08 23:28:56,192 - model - INFO - All batch num: 3393
Train folds batches: 425
Sample folds batches: 425
All train folds: 200
Sample Epoch begin from: 0
Load Epoch from fold: 0

2021-06-08 23:28:56,192 - model - DEBUG - new dataset loader in train_step, with dataset length 3400
2021-06-08 23:31:50,440 - model - INFO - optimizer 
2021-06-08 23:31:50,440 - model - INFO - optimizer lr = 5e-05, params len 10
2021-06-08 23:31:50,440 - model - INFO - optimizer lr = 5e-05, params len 13
